# JRE version: Java(TM) SE Runtime Environment (8.0_221-b11) (build 1.8.0_221-b11)
# Java VM: Java HotSpot(TM) 64-Bit Server VM (25.221-b11 mixed mode windows-amd64 compressed oops)
Heap:
 PSYoungGen      total 62464K, used 56864K [0x00000000d5c00000, 0x00000000dc080000, 0x0000000100000000)
  eden space 30720K, 100% used [0x00000000d5c00000,0x00000000d7a00000,0x00000000d7a00000)
  from space 31744K, 82% used [0x00000000d9a00000,0x00000000db388000,0x00000000db900000)
  to   space 32768K, 0% used [0x00000000d7a00000,0x00000000d7a00000,0x00000000d9a00000)
 ParOldGen       total 211456K, used 87372K [0x0000000081400000, 0x000000008e280000, 0x00000000d5c00000)
  object space 211456K, 41% used [0x0000000081400000,0x0000000086953078,0x000000008e280000)
 Metaspace       used 4859K, capacity 4930K, committed 5248K, reserved 1056768K
  class space    used 516K, capacity 561K, committed 640K, reserved 1048576K
GC Heap History (10 events):
Event: 62.629 GC heap after
Heap after GC invocations=6 (full 0):
 PSYoungGen      total 54784K, used 19177K [0x00000000d5c00000, 0x00000000da880000, 0x0000000100000000)
  eden space 32256K, 0% used [0x00000000d5c00000,0x00000000d5c00000,0x00000000d7b80000)
  from space 22528K, 85% used [0x00000000d9280000,0x00000000da53a610,0x00000000da880000)
  to   space 23040K, 0% used [0x00000000d7b80000,0x00000000d7b80000,0x00000000d9200000)
 ParOldGen       total 87552K, used 63780K [0x0000000081400000, 0x0000000086980000, 0x00000000d5c00000)
  object space 87552K, 72% used [0x0000000081400000,0x00000000852490f8,0x0000000086980000)
 Metaspace       used 4859K, capacity 4930K, committed 5248K, reserved 1056768K
  class space    used 516K, capacity 561K, committed 640K, reserved 1048576K
}
Event: 69.654 GC heap before
{Heap before GC invocations=7 (full 0):
 PSYoungGen      total 54784K, used 51433K [0x00000000d5c00000, 0x00000000da880000, 0x0000000100000000)
  eden space 32256K, 100% used [0x00000000d5c00000,0x00000000d7b80000,0x00000000d7b80000)
  from space 22528K, 85% used [0x00000000d9280000,0x00000000da53a610,0x00000000da880000)
  to   space 23040K, 0% used [0x00000000d7b80000,0x00000000d7b80000,0x00000000d9200000)
 ParOldGen       total 87552K, used 63780K [0x0000000081400000, 0x0000000086980000, 0x00000000d5c00000)
  object space 87552K, 72% used [0x0000000081400000,0x00000000852490f8,0x0000000086980000)
 Metaspace       used 4859K, capacity 4930K, committed 5248K, reserved 1056768K
  class space    used 516K, capacity 561K, committed 640K, reserved 1048576K
Event: 69.785 GC heap after
Heap after GC invocations=7 (full 0):
 PSYoungGen      total 54784K, used 23026K [0x00000000d5c00000, 0x00000000db900000, 0x0000000100000000)
  eden space 31744K, 0% used [0x00000000d5c00000,0x00000000d5c00000,0x00000000d7b00000)
  from space 23040K, 99% used [0x00000000d7b80000,0x00000000d91fc808,0x00000000d9200000)
  to   space 31744K, 0% used [0x00000000d9a00000,0x00000000d9a00000,0x00000000db900000)
 ParOldGen       total 87552K, used 77833K [0x0000000081400000, 0x0000000086980000, 0x00000000d5c00000)
  object space 87552K, 88% used [0x0000000081400000,0x0000000086002788,0x0000000086980000)
 Metaspace       used 4859K, capacity 4930K, committed 5248K, reserved 1056768K
  class space    used 516K, capacity 561K, committed 640K, reserved 1048576K
}
Event: 69.785 GC heap before
{Heap before GC invocations=8 (full 1):
 PSYoungGen      total 54784K, used 23026K [0x00000000d5c00000, 0x00000000db900000, 0x0000000100000000)
  eden space 31744K, 0% used [0x00000000d5c00000,0x00000000d5c00000,0x00000000d7b00000)
  from space 23040K, 99% used [0x00000000d7b80000,0x00000000d91fc808,0x00000000d9200000)
  to   space 31744K, 0% used [0x00000000d9a00000,0x00000000d9a00000,0x00000000db900000)
 ParOldGen       total 87552K, used 77833K [0x0000000081400000, 0x0000000086980000, 0x00000000d5c00000)
  object space 87552K, 88% used [0x0000000081400000,0x0000000086002788,0x0000000086980000)
 Metaspace       used 4859K, capacity 4930K, committed 5248K, reserved 1056768K
  class space    used 516K, capacity 561K, committed 640K, reserved 1048576K
Event: 71.544 GC heap after
Heap after GC invocations=8 (full 1):
 PSYoungGen      total 54784K, used 8167K [0x00000000d5c00000, 0x00000000db900000, 0x0000000100000000)
  eden space 31744K, 0% used [0x00000000d5c00000,0x00000000d5c00000,0x00000000d7b00000)
  from space 23040K, 35% used [0x00000000d7b80000,0x00000000d8379c28,0x00000000d9200000)
  to   space 31744K, 0% used [0x00000000d9a00000,0x00000000d9a00000,0x00000000db900000)
 ParOldGen       total 87552K, used 87372K [0x0000000081400000, 0x0000000086980000, 0x00000000d5c00000)
  object space 87552K, 99% used [0x0000000081400000,0x0000000086953078,0x0000000086980000)
 Metaspace       used 4859K, capacity 4930K, committed 5248K, reserved 1056768K
  class space    used 516K, capacity 561K, committed 640K, reserved 1048576K
}
Event: 79.616 GC heap before
{Heap before GC invocations=9 (full 2):
 PSYoungGen      total 54784K, used 39911K [0x00000000d5c00000, 0x00000000db900000, 0x0000000100000000)
  eden space 31744K, 100% used [0x00000000d5c00000,0x00000000d7b00000,0x00000000d7b00000)
  from space 23040K, 35% used [0x00000000d7b80000,0x00000000d8379c28,0x00000000d9200000)
  to   space 31744K, 0% used [0x00000000d9a00000,0x00000000d9a00000,0x00000000db900000)
 ParOldGen       total 87552K, used 87372K [0x0000000081400000, 0x0000000086980000, 0x00000000d5c00000)
  object space 87552K, 99% used [0x0000000081400000,0x0000000086953078,0x0000000086980000)
 Metaspace       used 4859K, capacity 4930K, committed 5248K, reserved 1056768K
  class space    used 516K, capacity 561K, committed 640K, reserved 1048576K
Event: 80.382 GC heap after
Heap after GC invocations=9 (full 2):
 PSYoungGen      total 54784K, used 21770K [0x00000000d5c00000, 0x00000000db900000, 0x0000000100000000)
  eden space 31744K, 68% used [0x00000000d5c00000,0x00000000d7142b48,0x00000000d7b00000)
  from space 23040K, 0% used [0x00000000d7b80000,0x00000000d7b80000,0x00000000d9200000)
  to   space 31744K, 0% used [0x00000000d9a00000,0x00000000d9a00000,0x00000000db900000)
 ParOldGen       total 211456K, used 87372K [0x0000000081400000, 0x000000008e280000, 0x00000000d5c00000)
  object space 211456K, 41% used [0x0000000081400000,0x0000000086953078,0x000000008e280000)
 Metaspace       used 4859K, capacity 4930K, committed 5248K, reserved 1056768K
  class space    used 516K, capacity 561K, committed 640K, reserved 1048576K
}
Event: 83.407 GC heap before
{Heap before GC invocations=10 (full 2):
 PSYoungGen      total 54784K, used 31744K [0x00000000d5c00000, 0x00000000db900000, 0x0000000100000000)
  eden space 31744K, 100% used [0x00000000d5c00000,0x00000000d7b00000,0x00000000d7b00000)
  from space 23040K, 0% used [0x00000000d7b80000,0x00000000d7b80000,0x00000000d9200000)
  to   space 31744K, 0% used [0x00000000d9a00000,0x00000000d9a00000,0x00000000db900000)
 ParOldGen       total 211456K, used 87372K [0x0000000081400000, 0x000000008e280000, 0x00000000d5c00000)
  object space 211456K, 41% used [0x0000000081400000,0x0000000086953078,0x000000008e280000)
 Metaspace       used 4859K, capacity 4930K, committed 5248K, reserved 1056768K
  class space    used 516K, capacity 561K, committed 640K, reserved 1048576K
Event: 83.639 GC heap after
Heap after GC invocations=10 (full 2):
 PSYoungGen      total 62464K, used 26144K [0x00000000d5c00000, 0x00000000dc080000, 0x0000000100000000)
  eden space 30720K, 0% used [0x00000000d5c00000,0x00000000d5c00000,0x00000000d7a00000)
  from space 31744K, 82% used [0x00000000d9a00000,0x00000000db388000,0x00000000db900000)
  to   space 32768K, 0% used [0x00000000d7a00000,0x00000000d7a00000,0x00000000d9a00000)
 ParOldGen       total 211456K, used 87372K [0x0000000081400000, 0x000000008e280000, 0x00000000d5c00000)
  object space 211456K, 41% used [0x0000000081400000,0x0000000086953078,0x000000008e280000)
 Metaspace       used 4859K, capacity 4930K, committed 5248K, reserved 1056768K
  class space    used 516K, capacity 561K, committed 640K, reserved 1048576K
}
Event: 92.541 GC heap before
{Heap before GC invocations=11 (full 2):
 PSYoungGen      total 62464K, used 56864K [0x00000000d5c00000, 0x00000000dc080000, 0x0000000100000000)
  eden space 30720K, 100% used [0x00000000d5c00000,0x00000000d7a00000,0x00000000d7a00000)
  from space 31744K, 82% used [0x00000000d9a00000,0x00000000db388000,0x00000000db900000)
  to   space 32768K, 0% used [0x00000000d7a00000,0x00000000d7a00000,0x00000000d9a00000)
 ParOldGen       total 211456K, used 87372K [0x0000000081400000, 0x000000008e280000, 0x00000000d5c00000)
  object space 211456K, 41% used [0x0000000081400000,0x0000000086953078,0x000000008e280000)
 Metaspace       used 4859K, capacity 4930K, committed 5248K, reserved 1056768K
  class space    used 516K, capacity 561K, committed 640K, reserved 1048576K

